app/manifest-merger-release-report.txt
-- Merging decision tree log ---
manifest
ADDED from AndroidManifest.xml:2:1
	xmlns:android
		ADDED from AndroidManifest.xml:2:11
	package
		ADDED from AndroidManifest.xml:3:5
		INJECTED from AndroidManifest.xml:0:0
		INJECTED from AndroidManifest.xml:0:0
	android:versionName
		INJECTED from AndroidManifest.xml:0:0
		INJECTED from AndroidManifest.xml:0:0
	android:versionCode
		INJECTED from AndroidManifest.xml:0:0
		INJECTED from AndroidManifest.xml:0:0
uses-permission#android.permission.CAMERA
ADDED from AndroidManifest.xml:5:5
	android:name
		ADDED from AndroidManifest.xml:5:22
uses-permission#android.permission.WRITE_EXTERNAL_STORAGE
ADDED from AndroidManifest.xml:6:5
	android:name
		ADDED from AndroidManifest.xml:6:22
uses-permission#android.permission.READ_EXTERNAL_STORAGE
ADDED from AndroidManifest.xml:7:5
	android:name
		ADDED from AndroidManifest.xml:7:22
uses-feature#android.hardware.camera
ADDED from AndroidManifest.xml:9:5
	android:name
		ADDED from AndroidManifest.xml:9:19
uses-feature#android.hardware.camera.autofocus
ADDED from AndroidManifest.xml:10:5
	android:name
		ADDED from AndroidManifest.xml:10:19
uses-permission#android.permission.VIBRATE
ADDED from AndroidManifest.xml:12:5
	android:name
		ADDED from AndroidManifest.xml:12:22
application
ADDED from AndroidManifest.xml:14:5
MERGED from com.android.support:appcompat-v7:21.0.3:16:5
MERGED from com.android.support:support-v4:21.0.3:16:5
MERGED from com.android.support:support-v4:21.0.3:16:5
MERGED from com.google.android.gms:play-services:6.5.87:20:5
MERGED from com.android.support:support-v4:21.0.3:16:5
	android:label
		ADDED from AndroidManifest.xml:17:9
	android:allowBackup
		ADDED from AndroidManifest.xml:15:9
	android:icon
		ADDED from AndroidManifest.xml:16:9
	android:theme
		ADDED from AndroidManifest.xml:18:9
activity#com.tylerrockwood.software.cam2pdf.MainActivity
ADDED from AndroidManifest.xml:19:9
	android:screenOrientation
		ADDED from AndroidManifest.xml:21:13
	android:name
		ADDED from AndroidManifest.xml:20:13
intent-filter#android.intent.action.MAIN+android.intent.category.LAUNCHER
ADDED from AndroidManifest.xml:22:13
action#android.intent.action.MAIN
ADDED from AndroidManifest.xml:23:17
	android:name
		ADDED from AndroidManifest.xml:23:25
category#android.intent.category.LAUNCHER
ADDED from AndroidManifest.xml:25:17
	android:name
		ADDED from AndroidManifest.xml:25:27
service#com.tylerrockwood.software.cam2pdf.backgroundTasks.UpvertService
ADDED from AndroidManifest.xml:29:9
	android:exported
		ADDED from AndroidManifest.xml:31:13
	android:name
		ADDED from AndroidManifest.xml:30:13
meta-data#com.google.android.gms.version
ADDED from AndroidManifest.xml:34:5
	android:name
		ADDED from AndroidManifest.xml:34:16
	android:value
		ADDED from AndroidManifest.xml:35:9
uses-sdk
INJECTED from AndroidManifest.xml:0:0 reason: use-sdk injection requested
MERGED from com.android.support:appcompat-v7:21.0.3:15:5
MERGED from com.android.support:support-v4:21.0.3:15:5
MERGED from com.android.support:support-v4:21.0.3:15:5
MERGED from com.google.android.gms:play-services:6.5.87:18:5
MERGED from com.android.support:support-v4:21.0.3:15:5
	android:targetSdkVersion
		INJECTED from AndroidManifest.xml:0:0
		INJECTED from AndroidManifest.xml:0:0
	android:minSdkVersion
		INJECTED from AndroidManifest.xml:0:0
		INJECTED from AndroidManifest.xml:0:0